<?xml version="1.0" encoding="UTF-8"?>
<coverage generated="1755267800762" clover="3.2.0">
  <project timestamp="1755267800762" name="All files">
    <metrics statements="29" coveredstatements="27" conditionals="6" coveredconditionals="4" methods="10" coveredmethods="9" elements="45" coveredelements="40" complexity="0" loc="29" ncloc="29" packages="1" files="2" classes="2"/>
    <file name="Body.js" path="/home/manoj-sulyakodi/Desktop/Namaste-React/src/components/Body.js">
      <metrics statements="27" coveredstatements="26" conditionals="6" coveredconditionals="4" methods="9" coveredmethods="9"/>
      <line num="9" count="1" type="stmt"/>
      <line num="10" count="7" type="stmt"/>
      <line num="11" count="7" type="stmt"/>
      <line num="12" count="7" type="stmt"/>
      <line num="14" count="7" type="stmt"/>
      <line num="16" count="7" type="stmt"/>
      <line num="17" count="7" type="stmt"/>
      <line num="18" count="2" type="stmt"/>
      <line num="21" count="7" type="stmt"/>
      <line num="22" count="2" type="stmt"/>
      <line num="25" count="2" type="stmt"/>
      <line num="26" count="2" type="stmt"/>
      <line num="27" count="2" type="stmt"/>
      <line num="30" count="2" type="stmt"/>
      <line num="35" count="7" type="stmt"/>
      <line num="37" count="7" type="cond" truecount="1" falsecount="1"/>
      <line num="38" count="0" type="stmt"/>
      <line num="41" count="7" type="cond" truecount="1" falsecount="1"/>
      <line num="43" count="7" type="stmt"/>
      <line num="54" count="1" type="stmt"/>
      <line num="60" count="1" type="stmt"/>
      <line num="61" count="1" type="stmt"/>
      <line num="62" count="8" type="stmt"/>
      <line num="67" count="1" type="stmt"/>
      <line num="76" count="1" type="stmt"/>
      <line num="78" count="8" type="stmt"/>
      <line num="88" count="53" type="stmt"/>
    </file>
    <file name="Offline.js" path="/home/manoj-sulyakodi/Desktop/Namaste-React/src/components/Offline.js">
      <metrics statements="2" coveredstatements="1" conditionals="0" coveredconditionals="0" methods="1" coveredmethods="0"/>
      <line num="1" count="1" type="stmt"/>
      <line num="2" count="0" type="stmt"/>
    </file>
  </project>
</coverage>
