{"/home/manoj-sulyakodi/Desktop/Namaste-React/src/components/Body.js": {"path":"/home/manoj-sulyakodi/Desktop/Namaste-React/src/components/Body.js","statementMap":{"0":{"start":{"line":9,"column":13},"end":{"line":102,"column":1}},"1":{"start":{"line":10,"column":52},"end":{"line":10,"column":73}},"2":{"start":{"line":11,"column":38},"end":{"line":11,"column":50}},"3":{"start":{"line":12,"column":56},"end":{"line":12,"column":77}},"4":{"start":{"line":14,"column":35},"end":{"line":14,"column":61}},"5":{"start":{"line":16,"column":23},"end":{"line":16,"column":40}},"6":{"start":{"line":17,"column":2},"end":{"line":19,"column":9}},"7":{"start":{"line":18,"column":4},"end":{"line":18,"column":16}},"8":{"start":{"line":21,"column":20},"end":{"line":33,"column":3}},"9":{"start":{"line":22,"column":17},"end":{"line":24,"column":5}},"10":{"start":{"line":25,"column":17},"end":{"line":25,"column":34}},"11":{"start":{"line":26,"column":4},"end":{"line":26,"column":22}},"12":{"start":{"line":27,"column":4},"end":{"line":29,"column":6}},"13":{"start":{"line":30,"column":4},"end":{"line":32,"column":6}},"14":{"start":{"line":35,"column":2},"end":{"line":35,"column":35}},"15":{"start":{"line":37,"column":2},"end":{"line":39,"column":3}},"16":{"start":{"line":38,"column":4},"end":{"line":38,"column":23}},"17":{"start":{"line":41,"column":2},"end":{"line":41,"column":49}},"18":{"start":{"line":41,"column":30},"end":{"line":41,"column":49}},"19":{"start":{"line":43,"column":2},"end":{"line":101,"column":4}},"20":{"start":{"line":54,"column":14},"end":{"line":54,"column":44}},"21":{"start":{"line":60,"column":14},"end":{"line":60,"column":38}},"22":{"start":{"line":61,"column":33},"end":{"line":65,"column":16}},"23":{"start":{"line":62,"column":16},"end":{"line":64,"column":54}},"24":{"start":{"line":67,"column":14},"end":{"line":67,"column":49}},"25":{"start":{"line":76,"column":12},"end":{"line":80,"column":14}},"26":{"start":{"line":78,"column":33},"end":{"line":78,"column":65}},"27":{"start":{"line":88,"column":10},"end":{"line":97,"column":17}}},"fnMap":{"0":{"name":"(anonymous_0)","decl":{"start":{"line":9,"column":13},"end":{"line":9,"column":14}},"loc":{"start":{"line":9,"column":19},"end":{"line":102,"column":1}},"line":9},"1":{"name":"(anonymous_1)","decl":{"start":{"line":17,"column":12},"end":{"line":17,"column":13}},"loc":{"start":{"line":17,"column":18},"end":{"line":19,"column":3}},"line":17},"2":{"name":"(anonymous_2)","decl":{"start":{"line":21,"column":20},"end":{"line":21,"column":21}},"loc":{"start":{"line":21,"column":32},"end":{"line":33,"column":3}},"line":21},"3":{"name":"(anonymous_3)","decl":{"start":{"line":53,"column":22},"end":{"line":53,"column":23}},"loc":{"start":{"line":53,"column":29},"end":{"line":55,"column":13}},"line":53},"4":{"name":"(anonymous_4)","decl":{"start":{"line":59,"column":21},"end":{"line":59,"column":22}},"loc":{"start":{"line":59,"column":27},"end":{"line":68,"column":13}},"line":59},"5":{"name":"(anonymous_5)","decl":{"start":{"line":61,"column":58},"end":{"line":61,"column":59}},"loc":{"start":{"line":61,"column":67},"end":{"line":65,"column":15}},"line":61},"6":{"name":"(anonymous_6)","decl":{"start":{"line":75,"column":19},"end":{"line":75,"column":20}},"loc":{"start":{"line":75,"column":25},"end":{"line":81,"column":11}},"line":75},"7":{"name":"(anonymous_7)","decl":{"start":{"line":78,"column":16},"end":{"line":78,"column":17}},"loc":{"start":{"line":78,"column":33},"end":{"line":78,"column":65}},"line":78},"8":{"name":"(anonymous_8)","decl":{"start":{"line":87,"column":33},"end":{"line":87,"column":34}},"loc":{"start":{"line":88,"column":10},"end":{"line":97,"column":17}},"line":88}},"branchMap":{"0":{"loc":{"start":{"line":37,"column":2},"end":{"line":39,"column":3}},"type":"if","locations":[{"start":{"line":37,"column":2},"end":{"line":39,"column":3}},{"start":{},"end":{}}],"line":37},"1":{"loc":{"start":{"line":41,"column":2},"end":{"line":41,"column":49}},"type":"if","locations":[{"start":{"line":41,"column":2},"end":{"line":41,"column":49}},{"start":{},"end":{}}],"line":41},"2":{"loc":{"start":{"line":92,"column":13},"end":{"line":96,"column":13}},"type":"cond-expr","locations":[{"start":{"line":93,"column":14},"end":{"line":93,"column":63}},{"start":{"line":95,"column":14},"end":{"line":95,"column":46}}],"line":92}},"s":{"0":1,"1":7,"2":7,"3":7,"4":7,"5":7,"6":7,"7":2,"8":7,"9":2,"10":2,"11":2,"12":2,"13":2,"14":7,"15":7,"16":0,"17":7,"18":0,"19":7,"20":1,"21":1,"22":1,"23":8,"24":1,"25":1,"26":8,"27":53},"f":{"0":7,"1":2,"2":2,"3":1,"4":1,"5":8,"6":1,"7":8,"8":53},"b":{"0":[0,7],"1":[0,7],"2":[12,41]},"_coverageSchema":"1a1c01bbd47fc00a2c39e90264f33305004495a9","hash":"f0858260b92cff345071b40de8e39302a7dda8f0"}
,"/home/manoj-sulyakodi/Desktop/Namaste-React/src/components/Offline.js": {"path":"/home/manoj-sulyakodi/Desktop/Namaste-React/src/components/Offline.js","statementMap":{"0":{"start":{"line":1,"column":16},"end":{"line":17,"column":1}},"1":{"start":{"line":2,"column":2},"end":{"line":16,"column":4}}},"fnMap":{"0":{"name":"(anonymous_0)","decl":{"start":{"line":1,"column":16},"end":{"line":1,"column":17}},"loc":{"start":{"line":1,"column":22},"end":{"line":17,"column":1}},"line":1}},"branchMap":{},"s":{"0":1,"1":0},"f":{"0":0},"b":{},"_coverageSchema":"1a1c01bbd47fc00a2c39e90264f33305004495a9","hash":"3408560558a3aa20bcbd1067aef22b2b5d0f3d87"}
}
