TN:
SF:src/components/Body.js
FN:9,(anonymous_0)
FN:17,(anonymous_1)
FN:21,(anonymous_2)
FN:53,(anonymous_3)
FN:59,(anonymous_4)
FN:61,(anonymous_5)
FN:75,(anonymous_6)
FN:78,(anonymous_7)
FN:87,(anonymous_8)
FNF:9
FNH:9
FNDA:7,(anonymous_0)
FNDA:2,(anonymous_1)
FNDA:2,(anonymous_2)
FNDA:1,(anonymous_3)
FNDA:1,(anonymous_4)
FNDA:8,(anonymous_5)
FNDA:1,(anonymous_6)
FNDA:8,(anonymous_7)
FNDA:53,(anonymous_8)
DA:9,1
DA:10,7
DA:11,7
DA:12,7
DA:14,7
DA:16,7
DA:17,7
DA:18,2
DA:21,7
DA:22,2
DA:25,2
DA:26,2
DA:27,2
DA:30,2
DA:35,7
DA:37,7
DA:38,0
DA:41,7
DA:43,7
DA:54,1
DA:60,1
DA:61,1
DA:62,8
DA:67,1
DA:76,1
DA:78,8
DA:88,53
LF:27
LH:26
BRDA:37,0,0,0
BRDA:37,0,1,7
BRDA:41,1,0,0
BRDA:41,1,1,7
BRDA:92,2,0,12
BRDA:92,2,1,41
BRF:6
BRH:4
end_of_record
TN:
SF:src/components/Offline.js
FN:1,(anonymous_0)
FNF:1
FNH:0
FNDA:0,(anonymous_0)
DA:1,1
DA:2,0
LF:2
LH:1
BRF:0
BRH:0
end_of_record
